<?xml version="1.0" encoding="UTF-8"?>
<!-- Generated by org.testng.reporters.JUnitXMLReporter -->
<testsuite ignored="0" hostname="DESKTOP-PL6KDKL" failures="0" tests="2" name="Cucumber check validate" time="34.941" errors="0" timestamp="2022-02-03T18:37:55 IST">
  <testcase classname="io.cucumber.testng.AbstractTestNGCucumberTests" name="runScenario" time="17.394"/>
  <testcase classname="io.cucumber.testng.AbstractTestNGCucumberTests" name="runScenario" time="16.978"/>
</testsuite> <!-- Cucumber check validate -->
