<?xml version="1.0" encoding="UTF-8"?>
<!-- Generated by org.testng.reporters.JUnitXMLReporter -->
<testsuite ignored="0" hostname="DESKTOP-PL6KDKL" failures="0" tests="4" name="Test" time="13.335" errors="0" timestamp="2021-11-25T14:49:42 IST">
  <testcase classname="Freelance.ValidateNavBar" name="CheckText" time="0.099"/>
  <testcase classname="Freelance.HomePageTest" name="basePageNavigate" time="2.6"/>
  <testcase classname="Freelance.HomePageTest" name="basePageNavigate" time="2.425"/>
  <testcase classname="Freelance.ValidateTitle" name="CheckText" time="0.033"/>
</testsuite> <!-- Test -->
