<?xml version="1.0" encoding="UTF-8"?>
<!-- Generated by org.testng.reporters.JUnitXMLReporter -->
<testsuite ignored="0" hostname="DESKTOP-PL6KDKL" failures="1" tests="3" name="title validate" time="9.155" errors="0" timestamp="2022-02-03T18:37:20 IST">
  <testcase classname="Freelance.ValidateTextDisplayed" name="ValidateHeader" time="0.29"/>
  <testcase classname="Freelance.ValidateTextDisplayed" name="ValidateHeader2" time="0.177"/>
  <testcase classname="Freelance.ValidateTextDisplayed" name="ValidateTitleText" time="0.102">
    <failure type="java.lang.AssertionError" message="expected [FEATUREDe COURSES] but found [FEATURED COURSES]">
      <![CDATA[java.lang.AssertionError: expected [FEATUREDe COURSES] but found [FEATURED COURSES]
at Freelance.ValidateTextDisplayed.ValidateTitleText(ValidateTextDisplayed.java:27)
at java.base/java.util.ArrayList.forEach(ArrayList.java:1511)
at java.base/java.util.concurrent.FutureTask.run(FutureTask.java:264)
at java.base/java.util.concurrent.ThreadPoolExecutor.runWorker(ThreadPoolExecutor.java:1130)
at java.base/java.util.concurrent.ThreadPoolExecutor$Worker.run(ThreadPoolExecutor.java:630)
at java.base/java.lang.Thread.run(Thread.java:831)
... Removed 24 stack frames]]>
    </failure>
  </testcase> <!-- ValidateTitleText -->
</testsuite> <!-- title validate -->
