<?xml version="1.0" encoding="UTF-8"?>
<!-- Generated by org.testng.reporters.JUnitXMLReporter -->
<testsuite ignored="0" hostname="DESKTOP-PL6KDKL" failures="0" tests="4" name="Test" time="17.082" errors="0" timestamp="2021-11-25T14:21:32 IST">
  <testcase classname="Freelance.ValidateNavBar" name="CheckText" time="0.125"/>
  <testcase classname="Freelance.HomePageTest" name="basePageNavigate" time="4.853"/>
  <testcase classname="Freelance.HomePageTest" name="basePageNavigate" time="3.71"/>
  <testcase classname="Freelance.ValidateTitle" name="CheckText" time="0.1"/>
</testsuite> <!-- Test -->
