-------------------------------------------------------------------------------
Test set: TestSuite
-------------------------------------------------------------------------------
Tests run: 6, Failures: 1, Errors: 0, Skipped: 0, Time elapsed: 25.83 s <<< FAILURE! - in TestSuite
ValidateTitleText(Freelance.ValidateTextDisplayed)  Time elapsed: 0.159 s  <<< FAILURE!
java.lang.AssertionError: expected [FEATUREDe COURSES] but found [FEATURED COURSES]
	at Freelance.ValidateTextDisplayed.ValidateTitleText(ValidateTextDisplayed.java:27)

